mode: set
github.com/zoulongbo/learngo/basic/triangle.go:10.13,23.2 9 0
github.com/zoulongbo/learngo/basic/triangle.go:25.17,29.2 3 0
github.com/zoulongbo/learngo/basic/triangle.go:32.21,38.2 3 0
github.com/zoulongbo/learngo/basic/triangle.go:41.30,44.2 2 0
github.com/zoulongbo/learngo/basic/triangle.go:47.24,50.2 2 0
github.com/zoulongbo/learngo/basic/triangle.go:55.15,66.2 4 0
github.com/zoulongbo/learngo/basic/triangle.go:69.14,97.2 6 0
github.com/zoulongbo/learngo/basic/triangle.go:100.16,103.2 2 0
github.com/zoulongbo/learngo/basic/triangle.go:105.34,109.2 3 1
