mode: set
github.com/zoulongbo/learngo/basic/nonrepeat/nonrepeat.go:5.13,11.2 5 0
github.com/zoulongbo/learngo/basic/nonrepeat/nonrepeat.go:13.44,18.31 4 1
github.com/zoulongbo/learngo/basic/nonrepeat/nonrepeat.go:29.2,29.18 1 1
github.com/zoulongbo/learngo/basic/nonrepeat/nonrepeat.go:18.31,19.58 1 1
github.com/zoulongbo/learngo/basic/nonrepeat/nonrepeat.go:23.3,23.32 1 1
github.com/zoulongbo/learngo/basic/nonrepeat/nonrepeat.go:27.3,27.23 1 1
github.com/zoulongbo/learngo/basic/nonrepeat/nonrepeat.go:19.58,21.4 1 1
github.com/zoulongbo/learngo/basic/nonrepeat/nonrepeat.go:23.32,25.4 1 1
